TN:
SF:Src\Controllers\sample.ts
FN:1,sampleFunction
FNF:1
FNH:1
FNDA:1,sampleFunction
DA:1,1
DA:2,1
DA:4,1
LF:3
LH:3
BRF:0
BRH:0
end_of_record
TN:
SF:Src\Controllers\taskController.ts
FN:6,(anonymous_7)
FN:6,(anonymous_8)
FN:18,(anonymous_9)
FN:67,(anonymous_11)
FN:93,(anonymous_13)
FN:111,(anonymous_15)
FN:157,(anonymous_17)
FNF:7
FNH:5
FNDA:1,(anonymous_7)
FNDA:1,(anonymous_8)
FNDA:1,(anonymous_9)
FNDA:2,(anonymous_11)
FNDA:0,(anonymous_13)
FNDA:1,(anonymous_15)
FNDA:0,(anonymous_17)
DA:2,1
DA:4,1
DA:6,1
DA:7,1
DA:8,1
DA:10,1
DA:12,0
DA:13,0
DA:18,1
DA:22,1
DA:23,1
DA:24,1
DA:25,1
DA:28,1
DA:29,0
DA:30,0
DA:32,1
DA:33,0
DA:35,0
DA:37,1
DA:39,1
DA:42,1
DA:43,1
DA:44,1
DA:46,1
DA:49,0
DA:50,0
DA:61,0
DA:63,0
DA:64,0
DA:67,1
DA:68,2
DA:69,2
DA:70,2
DA:72,2
DA:75,0
DA:76,0
DA:81,0
DA:82,0
DA:83,0
DA:85,0
DA:87,0
DA:88,0
DA:89,0
DA:93,1
DA:94,0
DA:95,0
DA:100,0
DA:101,0
DA:102,0
DA:104,0
DA:106,0
DA:107,0
DA:108,0
DA:111,1
DA:112,1
DA:113,1
DA:114,1
DA:115,1
DA:116,0
DA:118,0
DA:121,1
DA:122,1
DA:127,1
DA:128,1
DA:129,1
DA:131,0
DA:132,0
DA:133,0
DA:135,0
DA:137,0
DA:149,0
DA:151,0
DA:152,0
DA:153,0
DA:157,1
DA:158,0
DA:159,0
DA:160,0
DA:161,0
DA:162,0
DA:164,0
DA:167,0
DA:168,0
DA:174,0
DA:175,0
DA:176,0
DA:178,0
DA:185,0
DA:187,0
DA:188,0
DA:189,0
LF:92
LH:36
BRDA:28,0,0,0
BRDA:32,1,0,0
BRDA:42,2,0,1
BRDA:69,3,0,2
BRDA:81,4,0,0
BRDA:100,5,0,0
BRDA:115,6,0,0
BRDA:127,7,0,1
BRDA:132,8,0,0
BRDA:161,9,0,0
BRDA:174,10,0,0
BRF:11
BRH:3
end_of_record
